[2024-05-30T16:05:24.101+0000] {local_task_job_runner.py:120} INFO - ::group::Pre task execution logs
[2024-05-30T16:05:24.143+0000] {taskinstance.py:2073} INFO - Dependencies all met for dep_context=non-requeueable deps ti=<TaskInstance: s3_dag.scrap_netflix manual__2024-05-30T16:05:18.712430+00:00 [queued]>
[2024-05-30T16:05:24.150+0000] {taskinstance.py:2073} INFO - Dependencies all met for dep_context=requeueable deps ti=<TaskInstance: s3_dag.scrap_netflix manual__2024-05-30T16:05:18.712430+00:00 [queued]>
[2024-05-30T16:05:24.150+0000] {taskinstance.py:2303} INFO - Starting attempt 1 of 2
[2024-05-30T16:05:24.159+0000] {taskinstance.py:2327} INFO - Executing <Task(PythonOperator): scrap_netflix> on 2024-05-30 16:05:18.712430+00:00
[2024-05-30T16:05:24.170+0000] {logging_mixin.py:188} WARNING - /home/***/.local/lib/python3.12/site-packages/***/task/task_runner/standard_task_runner.py:61 DeprecationWarning: This process (pid=81) is multi-threaded, use of fork() may lead to deadlocks in the child.
[2024-05-30T16:05:24.168+0000] {standard_task_runner.py:90} INFO - Running: ['***', 'tasks', 'run', 's3_dag', 'scrap_netflix', 'manual__2024-05-30T16:05:18.712430+00:00', '--job-id', '130', '--raw', '--subdir', 'DAGS_FOLDER/test.py', '--cfg-path', '/tmp/tmp79sv3_yq']
[2024-05-30T16:05:24.172+0000] {standard_task_runner.py:91} INFO - Job 130: Subtask scrap_netflix
[2024-05-30T16:05:24.171+0000] {standard_task_runner.py:63} INFO - Started process 86 to run task
[2024-05-30T16:05:24.225+0000] {task_command.py:426} INFO - Running <TaskInstance: s3_dag.scrap_netflix manual__2024-05-30T16:05:18.712430+00:00 [running]> on host 0459a09df491
[2024-05-30T16:05:24.318+0000] {taskinstance.py:2644} INFO - Exporting env vars: AIRFLOW_CTX_DAG_EMAIL='***@example.com' AIRFLOW_CTX_DAG_OWNER='***' AIRFLOW_CTX_DAG_ID='s3_dag' AIRFLOW_CTX_TASK_ID='scrap_netflix' AIRFLOW_CTX_EXECUTION_DATE='2024-05-30T16:05:18.712430+00:00' AIRFLOW_CTX_TRY_NUMBER='1' AIRFLOW_CTX_DAG_RUN_ID='manual__2024-05-30T16:05:18.712430+00:00'
[2024-05-30T16:05:24.320+0000] {taskinstance.py:430} INFO - ::endgroup::
[2024-05-30T16:05:24.326+0000] {netflix_downloader.py:9} INFO - Starting to fetch data...
[2024-05-30T16:05:25.104+0000] {netflix_downloader.py:25} INFO - Data downloaded and saved locally to data/netflix/NetflixDataset.csv.
[2024-05-30T16:05:25.120+0000] {python.py:237} INFO - Done. Returned value was: None
[2024-05-30T16:05:25.128+0000] {taskinstance.py:441} INFO - ::group::Post task execution logs
[2024-05-30T16:05:25.153+0000] {taskinstance.py:1205} INFO - Marking task as SUCCESS. dag_id=s3_dag, task_id=scrap_netflix, execution_date=20240530T160518, start_date=20240530T160524, end_date=20240530T160525
[2024-05-30T16:05:25.249+0000] {local_task_job_runner.py:240} INFO - Task exited with return code 0
[2024-05-30T16:05:25.320+0000] {taskinstance.py:3482} INFO - 0 downstream tasks scheduled from follow-on schedule check
[2024-05-30T16:05:25.411+0000] {local_task_job_runner.py:222} INFO - ::endgroup::
