[2024-05-30T15:22:11.166+0000] {local_task_job_runner.py:120} INFO - ::group::Pre task execution logs
[2024-05-30T15:22:11.209+0000] {taskinstance.py:2073} INFO - Dependencies all met for dep_context=non-requeueable deps ti=<TaskInstance: fetch_imdb_data.fetch_data_from_imdb manual__2024-05-30T15:22:07.172270+00:00 [queued]>
[2024-05-30T15:22:11.219+0000] {taskinstance.py:2073} INFO - Dependencies all met for dep_context=requeueable deps ti=<TaskInstance: fetch_imdb_data.fetch_data_from_imdb manual__2024-05-30T15:22:07.172270+00:00 [queued]>
[2024-05-30T15:22:11.221+0000] {taskinstance.py:2303} INFO - Starting attempt 1 of 2
[2024-05-30T15:22:11.238+0000] {taskinstance.py:2327} INFO - Executing <Task(PythonOperator): fetch_data_from_imdb> on 2024-05-30 15:22:07.172270+00:00
[2024-05-30T15:22:11.250+0000] {logging_mixin.py:188} WARNING - /home/***/.local/lib/python3.12/site-packages/***/task/task_runner/standard_task_runner.py:61 DeprecationWarning: This process (pid=1034) is multi-threaded, use of fork() may lead to deadlocks in the child.
[2024-05-30T15:22:11.254+0000] {standard_task_runner.py:63} INFO - Started process 1049 to run task
[2024-05-30T15:22:11.255+0000] {standard_task_runner.py:90} INFO - Running: ['***', 'tasks', 'run', 'fetch_imdb_data', 'fetch_data_from_imdb', 'manual__2024-05-30T15:22:07.172270+00:00', '--job-id', '106', '--raw', '--subdir', 'DAGS_FOLDER/test.py', '--cfg-path', '/tmp/tmp0iijkd3f']
[2024-05-30T15:22:11.257+0000] {standard_task_runner.py:91} INFO - Job 106: Subtask fetch_data_from_imdb
[2024-05-30T15:22:11.348+0000] {task_command.py:426} INFO - Running <TaskInstance: fetch_imdb_data.fetch_data_from_imdb manual__2024-05-30T15:22:07.172270+00:00 [running]> on host e24e7042a181
[2024-05-30T15:22:11.491+0000] {taskinstance.py:2644} INFO - Exporting env vars: AIRFLOW_CTX_DAG_EMAIL='***@example.com' AIRFLOW_CTX_DAG_OWNER='***' AIRFLOW_CTX_DAG_ID='fetch_imdb_data' AIRFLOW_CTX_TASK_ID='fetch_data_from_imdb' AIRFLOW_CTX_EXECUTION_DATE='2024-05-30T15:22:07.172270+00:00' AIRFLOW_CTX_TRY_NUMBER='1' AIRFLOW_CTX_DAG_RUN_ID='manual__2024-05-30T15:22:07.172270+00:00'
[2024-05-30T15:22:11.495+0000] {taskinstance.py:430} INFO - ::endgroup::
[2024-05-30T15:22:11.496+0000] {logging_mixin.py:188} INFO - Fetching data from IMDb...
[2024-05-30T15:22:11.496+0000] {logging_mixin.py:188} INFO - Target path: /opt/***/datalake/raw/imdb/MovieRating/20240530/
[2024-05-30T15:22:11.501+0000] {logging_mixin.py:188} INFO - Created directory /opt/***/datalake/raw/imdb/MovieRating/20240530/
[2024-05-30T15:22:13.393+0000] {logging_mixin.py:188} INFO - Data successfully fetched and written to /opt/***/datalake/raw/imdb/MovieRating/20240530/title.ratings.tsv.gz
[2024-05-30T15:22:13.395+0000] {python.py:237} INFO - Done. Returned value was: None
[2024-05-30T15:22:13.397+0000] {taskinstance.py:441} INFO - ::group::Post task execution logs
[2024-05-30T15:22:13.414+0000] {taskinstance.py:1205} INFO - Marking task as SUCCESS. dag_id=fetch_imdb_data, task_id=fetch_data_from_imdb, execution_date=20240530T152207, start_date=20240530T152211, end_date=20240530T152213
[2024-05-30T15:22:13.480+0000] {local_task_job_runner.py:240} INFO - Task exited with return code 0
[2024-05-30T15:22:13.499+0000] {taskinstance.py:3482} INFO - 0 downstream tasks scheduled from follow-on schedule check
[2024-05-30T15:22:13.500+0000] {local_task_job_runner.py:222} INFO - ::endgroup::
