[2024-05-30T15:28:01.850+0000] {local_task_job_runner.py:120} INFO - ::group::Pre task execution logs
[2024-05-30T15:28:01.881+0000] {taskinstance.py:2073} INFO - Dependencies all met for dep_context=non-requeueable deps ti=<TaskInstance: fetch_imdb_data.fetch_data_from_imdb manual__2024-05-30T15:27:57.867579+00:00 [queued]>
[2024-05-30T15:28:01.890+0000] {taskinstance.py:2073} INFO - Dependencies all met for dep_context=requeueable deps ti=<TaskInstance: fetch_imdb_data.fetch_data_from_imdb manual__2024-05-30T15:27:57.867579+00:00 [queued]>
[2024-05-30T15:28:01.890+0000] {taskinstance.py:2303} INFO - Starting attempt 1 of 2
[2024-05-30T15:28:01.900+0000] {taskinstance.py:2327} INFO - Executing <Task(PythonOperator): fetch_data_from_imdb> on 2024-05-30 15:27:57.867579+00:00
[2024-05-30T15:28:01.912+0000] {logging_mixin.py:188} WARNING - /home/***/.local/lib/python3.12/site-packages/***/task/task_runner/standard_task_runner.py:61 DeprecationWarning: This process (pid=199) is multi-threaded, use of fork() may lead to deadlocks in the child.
[2024-05-30T15:28:01.911+0000] {standard_task_runner.py:90} INFO - Running: ['***', 'tasks', 'run', 'fetch_imdb_data', 'fetch_data_from_imdb', 'manual__2024-05-30T15:27:57.867579+00:00', '--job-id', '110', '--raw', '--subdir', 'DAGS_FOLDER/test.py', '--cfg-path', '/tmp/tmpxrvo2sw7']
[2024-05-30T15:28:01.914+0000] {standard_task_runner.py:63} INFO - Started process 204 to run task
[2024-05-30T15:28:01.915+0000] {standard_task_runner.py:91} INFO - Job 110: Subtask fetch_data_from_imdb
[2024-05-30T15:28:01.970+0000] {task_command.py:426} INFO - Running <TaskInstance: fetch_imdb_data.fetch_data_from_imdb manual__2024-05-30T15:27:57.867579+00:00 [running]> on host 957014e51fcc
[2024-05-30T15:28:02.066+0000] {taskinstance.py:2644} INFO - Exporting env vars: AIRFLOW_CTX_DAG_EMAIL='***@example.com' AIRFLOW_CTX_DAG_OWNER='***' AIRFLOW_CTX_DAG_ID='fetch_imdb_data' AIRFLOW_CTX_TASK_ID='fetch_data_from_imdb' AIRFLOW_CTX_EXECUTION_DATE='2024-05-30T15:27:57.867579+00:00' AIRFLOW_CTX_TRY_NUMBER='1' AIRFLOW_CTX_DAG_RUN_ID='manual__2024-05-30T15:27:57.867579+00:00'
[2024-05-30T15:28:02.067+0000] {taskinstance.py:430} INFO - ::endgroup::
[2024-05-30T15:28:02.069+0000] {logging_mixin.py:188} INFO - Fetching data from IMDb...
[2024-05-30T15:28:02.073+0000] {logging_mixin.py:188} INFO - Target path: /opt/***/datalake/raw/imdb/MovieRating/20240530/
[2024-05-30T15:28:02.078+0000] {logging_mixin.py:188} INFO - Created directory /opt/***/datalake/raw/imdb/MovieRating/20240530/
[2024-05-30T15:28:03.333+0000] {logging_mixin.py:188} INFO - Data successfully fetched and written to /opt/***/datalake/raw/imdb/MovieRating/20240530/title.ratings.tsv.gz
[2024-05-30T15:28:03.335+0000] {python.py:237} INFO - Done. Returned value was: None
[2024-05-30T15:28:03.336+0000] {taskinstance.py:441} INFO - ::group::Post task execution logs
[2024-05-30T15:28:03.559+0000] {taskinstance.py:1205} INFO - Marking task as SUCCESS. dag_id=fetch_imdb_data, task_id=fetch_data_from_imdb, execution_date=20240530T152757, start_date=20240530T152801, end_date=20240530T152803
[2024-05-30T15:28:03.611+0000] {local_task_job_runner.py:240} INFO - Task exited with return code 0
[2024-05-30T15:28:03.623+0000] {taskinstance.py:3482} INFO - 0 downstream tasks scheduled from follow-on schedule check
[2024-05-30T15:28:03.625+0000] {local_task_job_runner.py:222} INFO - ::endgroup::
